<?xml version="1.0" encoding="UTF-8"?>
<!-- Generated by org.testng.reporters.JUnitXMLReporter -->
<testsuite ignored="0" hostname="BILLA" failures="0" tests="3" name="Default test" time="25.776" errors="0" timestamp="2024-08-01T17:16:57 IST">
  <testcase classname="pageObjectModel.TestCases.LoginTest_Page" name="verifyUrl" time="0.013"/>
  <testcase classname="pageObjectModel.TestCases.LoginTest_Page" name="verifyTitle" time="0.011"/>
  <testcase classname="pageObjectModel.TestCases.LoginTest_Page" name="verifyLogin" time="2.238"/>
</testsuite> <!-- Default test -->
