<?xml version="1.0" encoding="UTF-8"?>
<testng-results ignored="0" total="3" passed="3" failed="0" skipped="0">
  <reporter-output>
  </reporter-output>
  <suite started-at="2024-08-01T17:16:31 IST" name="Default suite" finished-at="2024-08-01T17:16:57 IST" duration-ms="25776">
    <groups>
    </groups>
    <test started-at="2024-08-01T17:16:31 IST" name="Default test" finished-at="2024-08-01T17:16:57 IST" duration-ms="25776">
      <class name="pageObjectModel.TestCases.LoginTest_Page">
        <test-method is-config="true" signature="setUp()[pri:0, instance:pageObjectModel.TestCases.LoginTest_Page@6069db50]" started-at="2024-08-01T17:16:31 IST" name="setUp" finished-at="2024-08-01T17:16:55 IST" duration-ms="23392" status="PASS">
          <reporter-output>
          </reporter-output>
        </test-method> <!-- setUp -->
        <test-method signature="verifyUrl()[pri:1, instance:pageObjectModel.TestCases.LoginTest_Page@6069db50]" started-at="2024-08-01T17:16:55 IST" name="verifyUrl" finished-at="2024-08-01T17:16:55 IST" duration-ms="13" status="PASS">
          <reporter-output>
          </reporter-output>
        </test-method> <!-- verifyUrl -->
        <test-method signature="verifyTitle()[pri:2, instance:pageObjectModel.TestCases.LoginTest_Page@6069db50]" started-at="2024-08-01T17:16:55 IST" name="verifyTitle" finished-at="2024-08-01T17:16:55 IST" duration-ms="11" status="PASS">
          <reporter-output>
          </reporter-output>
        </test-method> <!-- verifyTitle -->
        <test-method signature="verifyLogin()[pri:3, instance:pageObjectModel.TestCases.LoginTest_Page@6069db50]" started-at="2024-08-01T17:16:55 IST" name="verifyLogin" finished-at="2024-08-01T17:16:57 IST" duration-ms="2238" status="PASS">
          <reporter-output>
          </reporter-output>
        </test-method> <!-- verifyLogin -->
        <test-method is-config="true" signature="tearDown()[pri:0, instance:pageObjectModel.TestCases.LoginTest_Page@6069db50]" started-at="2024-08-01T17:16:57 IST" name="tearDown" finished-at="2024-08-01T17:16:57 IST" duration-ms="86" status="PASS">
          <reporter-output>
          </reporter-output>
        </test-method> <!-- tearDown -->
      </class> <!-- pageObjectModel.TestCases.LoginTest_Page -->
    </test> <!-- Default test -->
  </suite> <!-- Default suite -->
</testng-results>
